<?xml version="1.0" encoding="UTF-8"?>
<!-- Generated by org.testng.reporters.JUnitXMLReporter -->
<testsuite hostname="Ashwin-PC" ignored="2" name="Test1" tests="1" failures="0" timestamp="13 May 2018 05:29:35 GMT" time="60.32" errors="0">
  <testcase name="testLoginLogout2" time="29.636" classname="com.fcrm.scripts.VerifyLoginLogout"/>
  <testcase name="testLoginLogout3" time="0.0" classname="com.fcrm.scripts.VerifyLoginLogout">
    <ignored/>
  </testcase> <!-- testLoginLogout3 -->
  <testcase name="testLoginLogout1" time="0.0" classname="com.fcrm.scripts.VerifyLoginLogout">
    <ignored/>
  </testcase> <!-- testLoginLogout1 -->
</testsuite> <!-- Test1 -->
