<?xml version="1.0" encoding="UTF-8"?>
<testng-results skipped="0" failed="0" total="1" passed="1">
  <reporter-output>
    <line>
      <![CDATA[Pass Count:1]]>
    </line>
    <line>
      <![CDATA[Fail Count:0]]>
    </line>
    <line>
      <![CDATA[Skip Count:0]]>
    </line>
  </reporter-output>
  <suite name="Suite" duration-ms="84181" started-at="2018-05-12T11:23:26Z" finished-at="2018-05-12T11:24:50Z">
    <groups>
      <group name="smoke">
        <method signature="VerifyLoginLogout.testLoginLogout2()[pri:0, instance:com.fcrm.scripts.VerifyLoginLogout@57829d67]" name="testLoginLogout2" class="com.fcrm.scripts.VerifyLoginLogout"/>
      </group> <!-- smoke -->
    </groups>
    <test name="Test1" duration-ms="84181" started-at="2018-05-12T11:23:26Z" finished-at="2018-05-12T11:24:50Z">
      <class name="com.fcrm.scripts.VerifyLoginLogout">
        <test-method status="PASS" signature="initExtentReport()[pri:0, instance:com.fcrm.scripts.VerifyLoginLogout@57829d67]" name="initExtentReport" is-config="true" duration-ms="1302" started-at="2018-05-12T16:53:25Z" finished-at="2018-05-12T16:53:26Z">
          <reporter-output>
          </reporter-output>
        </test-method> <!-- initExtentReport -->
        <test-method status="PASS" signature="initBrowser(java.lang.String)[pri:0, instance:com.fcrm.scripts.VerifyLoginLogout@57829d67]" name="initBrowser" is-config="true" duration-ms="12" started-at="2018-05-12T16:53:26Z" finished-at="2018-05-12T16:53:26Z">
          <params>
            <param index="0">
              <value>
                <![CDATA[chrome]]>
              </value>
            </param>
          </params>
          <reporter-output>
          </reporter-output>
        </test-method> <!-- initBrowser -->
        <test-method status="PASS" signature="initApp(java.lang.String)[pri:0, instance:com.fcrm.scripts.VerifyLoginLogout@57829d67]" name="initApp" is-config="true" duration-ms="47529" started-at="2018-05-12T16:53:26Z" finished-at="2018-05-12T16:54:14Z">
          <params>
            <param index="0">
              <value>
                <![CDATA[chrome]]>
              </value>
            </param>
          </params>
          <reporter-output>
          </reporter-output>
        </test-method> <!-- initApp -->
        <test-method status="PASS" signature="preCondition(java.lang.reflect.Method)[pri:0, instance:com.fcrm.scripts.VerifyLoginLogout@57829d67]" name="preCondition" is-config="true" duration-ms="46" started-at="2018-05-12T16:54:14Z" finished-at="2018-05-12T16:54:14Z">
          <params>
            <param index="0">
              <value>
                <![CDATA[public void com.fcrm.scripts.VerifyLoginLogout.testLoginLogout2() throws java.lang.InterruptedException]]>
              </value>
            </param>
          </params>
          <reporter-output>
          </reporter-output>
        </test-method> <!-- preCondition -->
        <test-method status="PASS" signature="testLoginLogout2()[pri:0, instance:com.fcrm.scripts.VerifyLoginLogout@57829d67]" name="testLoginLogout2" duration-ms="33330" started-at="2018-05-12T16:54:14Z" finished-at="2018-05-12T16:54:47Z">
          <reporter-output>
          </reporter-output>
        </test-method> <!-- testLoginLogout2 -->
        <test-method status="PASS" signature="postCondition(org.testng.ITestResult)[pri:0, instance:com.fcrm.scripts.VerifyLoginLogout@57829d67]" name="postCondition" is-config="true" duration-ms="25" started-at="2018-05-12T16:54:48Z" finished-at="2018-05-12T16:54:48Z">
          <params>
            <param index="0">
              <value>
                <![CDATA[[TestResult name=testLoginLogout2 status=SUCCESS method=VerifyLoginLogout.testLoginLogout2()[pri:0, instance:com.fcrm.scripts.VerifyLoginLogout@57829d67] output={null}]]]>
              </value>
            </param>
          </params>
          <reporter-output>
          </reporter-output>
        </test-method> <!-- postCondition -->
        <test-method status="PASS" signature="closeApp()[pri:0, instance:com.fcrm.scripts.VerifyLoginLogout@57829d67]" name="closeApp" is-config="true" duration-ms="2327" started-at="2018-05-12T16:54:48Z" finished-at="2018-05-12T16:54:50Z">
          <reporter-output>
          </reporter-output>
        </test-method> <!-- closeApp -->
        <test-method status="PASS" signature="closeBrowser(java.lang.String)[pri:0, instance:com.fcrm.scripts.VerifyLoginLogout@57829d67]" name="closeBrowser" is-config="true" duration-ms="0" started-at="2018-05-12T16:54:50Z" finished-at="2018-05-12T16:54:50Z">
          <params>
            <param index="0">
              <value>
                <![CDATA[chrome]]>
              </value>
            </param>
          </params>
          <reporter-output>
          </reporter-output>
        </test-method> <!-- closeBrowser -->
        <test-method status="PASS" signature="closeExtentReport()[pri:0, instance:com.fcrm.scripts.VerifyLoginLogout@57829d67]" name="closeExtentReport" is-config="true" duration-ms="946" started-at="2018-05-12T16:54:50Z" finished-at="2018-05-12T16:54:51Z">
          <reporter-output>
          </reporter-output>
        </test-method> <!-- closeExtentReport -->
      </class> <!-- com.fcrm.scripts.VerifyLoginLogout -->
    </test> <!-- Test1 -->
  </suite> <!-- Suite -->
</testng-results>
